#
# There is insufficient memory for the Java Runtime Environment to continue.
# Native memory allocation (mmap) failed to map 268435456 bytes for Failed to commit area from 0x0000000701e00000 to 0x0000000711e00000 of length 268435456.
# Possible reasons:
#   The system is out of physical RAM or swap space
#   The process is running with CompressedOops enabled, and the Java Heap may be blocking the growth of the native heap
# Possible solutions:
#   Reduce memory load on the system
#   Increase physical memory or swap space
#   Check if swap backing store is full
#   Decrease Java heap size (-Xmx/-Xms)
#   Decrease number of Java threads
#   Decrease Java thread stack sizes (-Xss)
#   Set larger code cache with -XX:ReservedCodeCacheSize=
# This output file may be truncated or incomplete.
#
#  Out of Memory Error (t:/workspace/open/src/hotspot/os/windows/os_windows.cpp:3301), pid=276908, tid=485984
#
# JRE version:  (13.0.2+8) (build )
# Java VM: Java HotSpot(TM) 64-Bit Server VM (13.0.2+8, mixed mode, aot, sharing, tiered, compressed oops, g1 gc, windows-amd64)
# No core dump will be written. Minidumps are not enabled by default on client versions of Windows
#

---------------  S U M M A R Y ------------

Command Line: -Dcom.sun.management.jmxremote -Dcom.sun.management.jmxremote.port=50078 -Dcom.sun.management.jmxremote.authenticate=false -Dcom.sun.management.jmxremote.ssl=false -Djava.rmi.server.hostname=localhost -Dspring.jmx.enabled=true -Dspring.application.admin.enabled=true -Xverify:none -XX:TieredStopAtLevel=1 -Dspring.boot.project.name=HotelMangerOfNeu -Dfile.encoding=UTF-8 com.hit.hotel.HotelMangerOfNeuApplication --spring.output.ansi.enabled=always

Host: Intel(R) Core(TM) i7-8750H CPU @ 2.20GHz, 12 cores, 15G,  Windows 10 , 64 bit Build 18362 (10.0.18362.329)
Time: Wed Jul 29 15:35:11 2020 ?D1¨²¡À¨º¡Á?¨º¡À?? elapsed time: 0 seconds (0d 0h 0m 0s)

---------------  T H R E A D  ---------------

Current thread (0x000002401565d000):  JavaThread "Unknown thread" [_thread_in_vm, id=485984, stack(0x0000006c6c400000,0x0000006c6c500000)]

Stack: [0x0000006c6c400000,0x0000006c6c500000]
Native frames: (J=compiled Java code, j=interpreted, Vv=VM code, C=native code)
V  [jvm.dll+0x624f9a]
V  [jvm.dll+0x770cfa]
V  [jvm.dll+0x7724af]
V  [jvm.dll+0x772ab3]
V  [jvm.dll+0x24bf08]
V  [jvm.dll+0x6222aa]
V  [jvm.dll+0x6170b5]
V  [jvm.dll+0x30a88c]
V  [jvm.dll+0x30a6c2]
V  [jvm.dll+0x30fe36]
V  [jvm.dll+0x353f46]
V  [jvm.dll+0x353720]
V  [jvm.dll+0x2e550a]
V  [jvm.dll+0x2e67a2]
V  [jvm.dll+0x74dd78]
V  [jvm.dll+0x361989]
V  [jvm.dll+0x730e65]
V  [jvm.dll+0x3cc53f]
V  [jvm.dll+0x3ce861]
C  [jli.dll+0x51ff]
C  [ucrtbase.dll+0x20e72]
C  [KERNEL32.DLL+0x17bd4]
C  [ntdll.dll+0x6ced1]


---------------  P R O C E S S  ---------------

Threads class SMR info:
_java_thread_list=0x00007fffede7ccb8, length=0, elements={
}

Java Threads: ( => current thread )

Other Threads:
  0x00000240156c8800 GCTaskThread "GC Thread#0" [stack: 0x0000006c6c500000,0x0000006c6c600000] [id=609428]
  0x00000240156eb800 ConcurrentGCThread "G1 Main Marker" [stack: 0x0000006c6c600000,0x0000006c6c700000] [id=617808]
  0x00000240156ed800 ConcurrentGCThread "G1 Conc#0" [stack: 0x0000006c6c700000,0x0000006c6c800000] [id=621076]

[error occurred during error reporting (printing all threads), id 0xc0000005, EXCEPTION_ACCESS_VIOLATION (0xc0000005) at pc=0x00007fffed6b51d7]

VM state:not at safepoint (not fully initialized)

VM Mutex/Monitor currently owned by a thread:  ([mutex/lock_event])
[0x0000024015659990] Heap_lock - owner thread: 0x000002401565d000

Heap address: 0x0000000701e00000, size: 4066 MB, Compressed Oops mode: Non-zero based: 0x0000000701e00000
Narrow klass base: 0x0000000000000000, Narrow klass shift: 0

GC Heap History (0 events):
No events

Deoptimization events (0 events):
No events

Classes unloaded (0 events):
No events

Classes redefined (0 events):
No events

Internal exceptions (0 events):
No events

Events (8 events):
Event: 0.005 Loaded shared library C:\Program Files\Java\jdk-13.0.2\bin\zip.dll
Event: 0.005 Loaded shared library C:\Program Files\Java\jdk-13.0.2\bin\jimage.dll
Event: 0.006 Loading shared library C:\Program Files\Java\jdk-13.0.2\lib\libjava.base-coop.dll failed, error code 126
Event: 0.006 Loading shared library C:\Program Files\Java\jdk-13.0.2\lib\libjava.logging-coop.dll failed, error code 126
Event: 0.007 Loading shared library C:\Program Files\Java\jdk-13.0.2\lib\libjdk.compiler-coop.dll failed, error code 126
Event: 0.007 Loading shared library C:\Program Files\Java\jdk-13.0.2\lib\libjdk.scripting.nashorn-coop.dll failed, error code 126
Event: 0.007 Loading shared library C:\Program Files\Java\jdk-13.0.2\lib\libjdk.internal.vm.ci-coop.dll failed, error code 126
Event: 0.007 Loading shared library C:\Program Files\Java\jdk-13.0.2\lib\libjdk.internal.vm.compiler-coop.dll failed, error code 126


Dynamic libraries:
0x00007ff7641e0000 - 0x00007ff7641ef000 	C:\Program Files\Java\jdk-13.0.2\bin\javaw.exe
0x00007ff833ca0000 - 0x00007ff833e90000 	C:\windows\SYSTEM32\ntdll.dll
0x00007ff831d50000 - 0x00007ff831e02000 	C:\windows\System32\KERNEL32.DLL
0x00007ff831610000 - 0x00007ff8318b3000 	C:\windows\System32\KERNELBASE.dll
0x00007ff831510000 - 0x00007ff83160a000 	C:\windows\System32\ucrtbase.dll
0x00007ff81e820000 - 0x00007ff81e835000 	C:\Program Files\Java\jdk-13.0.2\bin\VCRUNTIME140.dll
0x00007ff81e850000 - 0x00007ff81e868000 	C:\Program Files\Java\jdk-13.0.2\bin\jli.dll
0x00007ff831e10000 - 0x00007ff831eb3000 	C:\windows\System32\ADVAPI32.dll
0x00007ff833740000 - 0x00007ff8337de000 	C:\windows\System32\msvcrt.dll
0x00007ff832420000 - 0x00007ff8324b7000 	C:\windows\System32\sechost.dll
0x00007ff831fe0000 - 0x00007ff832100000 	C:\windows\System32\RPCRT4.dll
0x00007ff832c50000 - 0x00007ff832de4000 	C:\windows\System32\USER32.dll
0x00007ff830d00000 - 0x00007ff830d21000 	C:\windows\System32\win32u.dll
0x00007ff832f30000 - 0x00007ff832f56000 	C:\windows\System32\GDI32.dll
0x00007ff81dfb0000 - 0x00007ff81e235000 	C:\windows\WinSxS\amd64_microsoft.windows.common-controls_6595b64144ccf1df_6.0.18362.418_none_e6c6b287130d565d\COMCTL32.dll
0x00007ff831b90000 - 0x00007ff831d24000 	C:\windows\System32\gdi32full.dll
0x00007ff831ac0000 - 0x00007ff831b5e000 	C:\windows\System32\msvcp_win.dll
0x00007ff832640000 - 0x00007ff832976000 	C:\windows\System32\combase.dll
0x00007ff830c80000 - 0x00007ff830d00000 	C:\windows\System32\bcryptPrimitives.dll
0x00007ff829090000 - 0x00007ff82909a000 	C:\windows\SYSTEM32\VERSION.dll
0x00007ff831f30000 - 0x00007ff831f5e000 	C:\windows\System32\IMM32.DLL
0x00007ff803570000 - 0x00007ff80360b000 	C:\Program Files\Java\jdk-13.0.2\bin\msvcp140.dll
0x00007fffed3c0000 - 0x00007fffedf1d000 	C:\Program Files\Java\jdk-13.0.2\bin\server\jvm.dll
0x00007ff8337e0000 - 0x00007ff8337e8000 	C:\windows\System32\PSAPI.DLL
0x00007ff82e610000 - 0x00007ff82e619000 	C:\windows\SYSTEM32\WSOCK32.dll
0x00007ff82e560000 - 0x00007ff82e584000 	C:\windows\SYSTEM32\WINMM.dll
0x00007ff832260000 - 0x00007ff8322cf000 	C:\windows\System32\WS2_32.dll
0x00007ff82e530000 - 0x00007ff82e55d000 	C:\windows\SYSTEM32\winmmbase.dll
0x00007ff830c30000 - 0x00007ff830c7a000 	C:\windows\System32\cfgmgr32.dll
0x00007ff830bf0000 - 0x00007ff830c01000 	C:\windows\System32\kernel.appcore.dll
0x00007ff82e600000 - 0x00007ff82e610000 	C:\Program Files\Java\jdk-13.0.2\bin\verify.dll
0x00007ff82f4a0000 - 0x00007ff82f694000 	C:\windows\SYSTEM32\DBGHELP.DLL
0x00007ff81b2c0000 - 0x00007ff81b2ea000 	C:\windows\SYSTEM32\dbgcore.DLL
0x00007ff829f60000 - 0x00007ff829f86000 	C:\Program Files\Java\jdk-13.0.2\bin\java.dll
0x00007ff82b680000 - 0x00007ff82b697000 	C:\Program Files\Java\jdk-13.0.2\bin\zip.dll
0x00007ff82e2e0000 - 0x00007ff82e2ea000 	C:\Program Files\Java\jdk-13.0.2\bin\jimage.dll

dbghelp: loaded successfully - version: 4.0.5 - missing functions: none
symbol engine: initialized successfully - sym options: 0x614 - pdb path: .;C:\Program Files\Java\jdk-13.0.2\bin;C:\windows\SYSTEM32;C:\windows\WinSxS\amd64_microsoft.windows.common-controls_6595b64144ccf1df_6.0.18362.418_none_e6c6b287130d565d;C:\Program Files\Java\jdk-13.0.2\bin\server

VM Arguments:
jvm_args: -Dcom.sun.management.jmxremote -Dcom.sun.management.jmxremote.port=50078 -Dcom.sun.management.jmxremote.authenticate=false -Dcom.sun.management.jmxremote.ssl=false -Djava.rmi.server.hostname=localhost -Dspring.jmx.enabled=true -Dspring.application.admin.enabled=true -Xverify:none -XX:TieredStopAtLevel=1 -Dspring.boot.project.name=HotelMangerOfNeu -Dfile.encoding=UTF-8 
java_command: com.hit.hotel.HotelMangerOfNeuApplication --spring.output.ansi.enabled=always
java_class_path (initial): D:\Git\gitlocal2020\HotelMangerOfNeu\HotelMangerOfNeu\target\classes;D:\environment\maven-3.6.3\m3\org\springframework\boot\spring-boot-starter-web\2.3.2.RELEASE\spring-boot-starter-web-2.3.2.RELEASE.jar;D:\environment\maven-3.6.3\m3\org\springframework\boot\spring-boot-starter\2.3.2.RELEASE\spring-boot-starter-2.3.2.RELEASE.jar;D:\environment\maven-3.6.3\m3\org\springframework\boot\spring-boot\2.3.2.RELEASE\spring-boot-2.3.2.RELEASE.jar;D:\environment\maven-3.6.3\m3\org\springframework\boot\spring-boot-autoconfigure\2.3.2.RELEASE\spring-boot-autoconfigure-2.3.2.RELEASE.jar;D:\environment\maven-3.6.3\m3\org\springframework\boot\spring-boot-starter-logging\2.3.2.RELEASE\spring-boot-starter-logging-2.3.2.RELEASE.jar;D:\environment\maven-3.6.3\m3\ch\qos\logback\logback-classic\1.2.3\logback-classic-1.2.3.jar;D:\environment\maven-3.6.3\m3\ch\qos\logback\logback-core\1.2.3\logback-core-1.2.3.jar;D:\environment\maven-3.6.3\m3\org\apache\logging\log4j\log4j-to-slf4j\2.13.3\log4j-to-slf4j-2.13.3.jar;D:\environment\maven-3.6.3\m3\org\apache\logging\log4j\log4j-api\2.13.3\log4j-api-2.13.3.jar;D:\environment\maven-3.6.3\m3\org\slf4j\jul-to-slf4j\1.7.30\jul-to-slf4j-1.7.30.jar;D:\environment\maven-3.6.3\m3\jakarta\annotation\jakarta.annotation-api\1.3.5\jakarta.annotation-api-1.3.5.jar;D:\environment\maven-3.6.3\m3\org\yaml\snakeyaml\1.26\snakeyaml-1.26.jar;D:\environment\maven-3.6.3\m3\org\springframework\boot\spring-boot-starter-json\2.3.2.RELEASE\spring-boot-starter-json-2.3.2.RELEASE.jar;D:\environment\maven-3.6.3\m3\com\fasterxml\jackson\core\jackson-databind\2.11.1\jackson-databind-2.11.1.jar;D:\environment\maven-3.6.3\m3\com\fasterxml\jackson\core\jackson-annotations\2.11.1\jackson-annotations-2.11.1.jar;D:\environment\maven-3.6.3\m3\com\fasterxml\jackson\core\jackson-core\2.11.1\jackson-core-2.11.1.jar;D:\environment\maven-3.6.3\m3\com\fasterxml\jackson\datatype\jackson-datatype-jdk8\2.11.1\jackson-datatype-jdk8-2.11.1.jar;D:\environment\mav
Launcher Type: SUN_STANDARD

[Global flags]
     intx CICompilerCount                          = 4                                         {product} {ergonomic}
     uint ConcGCThreads                            = 3                                         {product} {ergonomic}
     uint G1ConcRefinementThreads                  = 10                                        {product} {ergonomic}
   size_t G1HeapRegionSize                         = 1048576                                   {product} {ergonomic}
    uintx GCDrainStackTargetSize                   = 64                                        {product} {ergonomic}
   size_t InitialHeapSize                          = 268435456                                 {product} {ergonomic}
     bool ManagementServer                         = true                                      {product} {command line}
   size_t MarkStackSize                            = 4194304                                   {product} {ergonomic}
   size_t MaxHeapSize                              = 4263510016                                {product} {ergonomic}
   size_t MinHeapDeltaBytes                        = 1048576                                   {product} {ergonomic}
   size_t MinHeapSize                              = 8388608                                   {product} {ergonomic}
    uintx NonNMethodCodeHeapSize                   = 7549744                                {pd product} {ergonomic}
    uintx NonProfiledCodeHeapSize                  = 244108496                              {pd product} {ergonomic}
    uintx ProfiledCodeHeapSize                     = 0                                      {pd product} {ergonomic}
    uintx ReservedCodeCacheSize                    = 251658240                              {pd product} {ergonomic}
     bool SegmentedCodeCache                       = true                                      {product} {ergonomic}
   size_t SoftMaxHeapSize                          = 4263510016                             {manageable} {ergonomic}
     intx TieredStopAtLevel                        = 1                                         {product} {command line}
     bool UseCompressedClassPointers               = true                                 {lp64_product} {ergonomic}
     bool UseCompressedOops                        = true                                 {lp64_product} {ergonomic}
     bool UseG1GC                                  = true                                      {product} {ergonomic}
     bool UseLargePagesIndividualAllocation        = false                                  {pd product} {ergonomic}

Logging:
Log output configuration:
 #0: stdout all=warning uptime,level,tags
 #1: stderr all=off uptime,level,tags

Environment Variables:
JAVA_HOME=C:\Program Files\Java\jdk-13.0.2
CLASSPATH=.;C:\Program Files\Java\jdk-13.0.2\lib\dt.jar;C:\Program Files\Java\jdk-13.0.2\lib\tools.jar;
PATH=C:/Program Files/Java/jdk-13.0.2/bin/server;C:/Program Files/Java/jdk-13.0.2/bin;C:\Program Files\NVIDIA GPU Computing Toolkit\CUDA\v10.1\bin;C:\Program Files\NVIDIA GPU Computing Toolkit\CUDA\v10.1\libnvvp;C:\Program Files\NVIDIA GPU Computing Toolkit\CUDA\v10.2\bin;C:\Program Files\NVIDIA GPU Computing Toolkit\CUDA\v10.2\libnvvp;C:\windows\system32;C:\windows;C:\windows\System32\Wbem;C:\windows\System32\WindowsPowerShell\v1.0\;C:\windows\System32\OpenSSH\;C:\Program Files (x86)\NVIDIA Corporation\PhysX\Common;C:\Program Files\Git\cmd;C:\Program Files\Java\jdk-13.0.2\bin;C:\Mysql\mysql57\bin;C:\Program Files (x86)\Windows Kits\8.1\Windows Performance Toolkit\;C:\Program Files\NVIDIA Corporation\NVIDIA NvDLISR;C:\Program Files\NVIDIA GPU Computing Toolkit\CUDA\v10.1\lib\x64;C:\Program Files\NVIDIA GPU Computing Toolkit\CUDA\v10.1\bin;C:\ProgramData\NVIDIA Corporation\CUDA Samples\v10.1\common\lib\x64;C:\ProgramData\NVIDIA Corporation\CUDA Samples\v10.1\bin\win64;C:\Program Files\NVIDIA GPU Computing Toolkit\CUDA\v10.1\lib\x64;C:\Program Files\NVIDIA GPU Computing Toolkit\CUDA\v10.1\in£»;C:\ProgramData\NVIDIA Corporation\CUDA Samples\v10.1\common\lib\x64£»;C:\ProgramData\NVIDIA Corporation\CUDA Samples\v10.1\bin\win64£»;C:\Program Files\NVIDIA Corporation\Nsight Compute 2019.4.0\;D:\Program Files\mingw64\bin;C:\Program Files\MariaDB 10.5\bin;D:\environment\nodejs\;D:\environment\tools\TortoiseGit-2.1\bin;C:\Users\Administrator\AppData\Local\Programs\Python\Python37-32\Scripts\;C:\Users\Administrator\AppData\Local\Programs\Python\Python37-32\;C:\Users\Administrator\AppData\Local\Microsoft\WindowsApps;C:\ProgramData\Anaconda3\Scripts;;D:\Program Files\JetBrains\CLion 2020.1.1\bin;;C:\Users\Administrator\AppData\Roaming\npm;D:\environment\tools\STS470;
USERNAME=Administrator
OS=Windows_NT
PROCESSOR_IDENTIFIER=Intel64 Family 6 Model 158 Stepping 10, GenuineIntel



---------------  S Y S T E M  ---------------

OS: Windows 10 , 64 bit Build 18362 (10.0.18362.329)

CPU:total 12 (initial active 12) (6 cores per cpu, 2 threads per core) family 6 model 158 stepping 10, cmov, cx8, fxsr, mmx, sse, sse2, sse3, ssse3, sse4.1, sse4.2, popcnt, avx, avx2, aes, clmul, erms, 3dnowpref, lzcnt, ht, tsc, tscinvbit, bmi1, bmi2, adx, fma

Memory: 4k page, system-wide physical 16257M (4268M free)
TotalPageFile size 31466M (AvailPageFile size 241M)
current process WorkingSet (physical memory assigned to process): 10M, peak: 10M
current process commit charge ("private bytes"): 62M, peak: 318M

vm_info: Java HotSpot(TM) 64-Bit Server VM (13.0.2+8) for windows-amd64 JRE (13.0.2+8), built on Dec 11 2019 09:20:33 by "mach5one" with unknown MS VC++:1916

END.
